0 info it worked if it ends with ok
1 verbose cli [ '/usr/local/bin/node',
1 verbose cli   '/usr/local/lib/node_modules/tnpm/node_modules/.3.10.9@npm/bin/npm-cli.js',
1 verbose cli   '--cache=/Users/treasureling/.tnpm',
1 verbose cli   '--tmp=/Users/treasureling/.tnpm_tmp',
1 verbose cli   '--no-proxy',
1 verbose cli   '--disturl=https://tnpm-hz.oss-cn-hangzhou.aliyuncs.com/dist/node',
1 verbose cli   '--userconfig=/Users/treasureling/.tnpmrc',
1 verbose cli   '--registry=http://registry.npm.alibaba-inc.com',
1 verbose cli   'run',
1 verbose cli   'serve' ]
2 info using npm@3.10.9
3 info using node@v6.9.5
4 verbose run-script [ 'preserve', 'serve', 'postserve' ]
5 info lifecycle data-collection@1.0.0~preserve: data-collection@1.0.0
6 silly lifecycle data-collection@1.0.0~preserve: no script for preserve, continuing
7 info lifecycle data-collection@1.0.0~serve: data-collection@1.0.0
8 verbose lifecycle data-collection@1.0.0~serve: unsafe-perm in lifecycle true
9 verbose lifecycle data-collection@1.0.0~serve: PATH: /usr/local/lib/node_modules/tnpm/node_modules/.3.10.9@npm/bin/node-gyp-bin:/Users/treasureling/github/data-collection/node_modules/.bin:/usr/local/bin:/usr/bin:/bin:/usr/sbin:/sbin:/usr/local/git/bin
10 verbose lifecycle data-collection@1.0.0~serve: CWD: /Users/treasureling/github/data-collection
11 silly lifecycle data-collection@1.0.0~serve: Args: [ '-c', 'gitbook serve ./docs' ]
12 silly lifecycle data-collection@1.0.0~serve: Returned: code: 1  signal: null
13 info lifecycle data-collection@1.0.0~serve: Failed to exec serve script
14 verbose stack Error: data-collection@1.0.0 serve: `gitbook serve ./docs`
14 verbose stack Exit status 1
14 verbose stack     at EventEmitter.<anonymous> (/usr/local/lib/node_modules/tnpm/node_modules/.3.10.9@npm/lib/utils/lifecycle.js:255:16)
14 verbose stack     at emitTwo (events.js:106:13)
14 verbose stack     at EventEmitter.emit (events.js:191:7)
14 verbose stack     at ChildProcess.<anonymous> (/usr/local/lib/node_modules/tnpm/node_modules/.3.10.9@npm/lib/utils/spawn.js:40:14)
14 verbose stack     at emitTwo (events.js:106:13)
14 verbose stack     at ChildProcess.emit (events.js:191:7)
14 verbose stack     at maybeClose (internal/child_process.js:877:16)
14 verbose stack     at Process.ChildProcess._handle.onexit (internal/child_process.js:226:5)
15 verbose pkgid data-collection@1.0.0
16 verbose cwd /Users/treasureling/github/data-collection
17 error Darwin 16.4.0
18 error argv "/usr/local/bin/node" "/usr/local/lib/node_modules/tnpm/node_modules/.3.10.9@npm/bin/npm-cli.js" "--cache=/Users/treasureling/.tnpm" "--tmp=/Users/treasureling/.tnpm_tmp" "--no-proxy" "--disturl=https://tnpm-hz.oss-cn-hangzhou.aliyuncs.com/dist/node" "--userconfig=/Users/treasureling/.tnpmrc" "--registry=http://registry.npm.alibaba-inc.com" "run" "serve"
19 error node v6.9.5
20 error npm  v3.10.9
21 error code ELIFECYCLE
22 error data-collection@1.0.0 serve: `gitbook serve ./docs`
22 error Exit status 1
23 error Failed at the data-collection@1.0.0 serve script 'gitbook serve ./docs'.
23 error Make sure you have the latest version of node.js and npm installed.
23 error If you do, this is most likely a problem with the data-collection package,
23 error not with npm itself.
23 error Tell the author that this fails on your system:
23 error     gitbook serve ./docs
23 error You can get information on how to open an issue for this project with:
23 error     npm bugs data-collection
23 error Or if that isn't available, you can get their info via:
23 error     npm owner ls data-collection
23 error There is likely additional logging output above.
24 verbose exit [ 1, true ]
